[debug] [2025-10-27T07:03:51.013Z] ----------------------------------------------------------------------
[debug] [2025-10-27T07:03:51.015Z] Command:       C:\Program Files\nodejs\node.exe C:\Users\seikaku.shu_pathoslo\AppData\Roaming\npm\node_modules\firebase-tools\lib\bin\firebase.js init
[debug] [2025-10-27T07:03:51.015Z] CLI Version:   14.22.0
[debug] [2025-10-27T07:03:51.015Z] Platform:      win32
[debug] [2025-10-27T07:03:51.015Z] Node Version:  v20.19.5
[debug] [2025-10-27T07:03:51.015Z] Time:          Mon Oct 27 2025 16:03:51 GMT+0900 (日本標準時)
[debug] [2025-10-27T07:03:51.015Z] ----------------------------------------------------------------------
[debug] 
[info] 
     ######## #### ########  ######## ########     ###     ######  ########
     ##        ##  ##     ## ##       ##     ##  ##   ##  ##       ##
     ######    ##  ########  ######   ########  #########  ######  ######
     ##        ##  ##    ##  ##       ##     ## ##     ##       ## ##
     ##       #### ##     ## ######## ########  ##     ##  ######  ########

You're about to initialize a Firebase project in this directory:

  C:\Users\seikaku.shu_pathoslo\dev\issue-tracker

[info] 
=== Project Setup
[info] 
[info] First, let's associate this project directory with a Firebase project.
[info] You can create multiple project aliases by running firebase use --add, 
[info] 
